<?xml version="1.0" encoding="UTF-8"?>
<testng-results skipped="0" failed="0" ignored="0" total="2" passed="2">
  <reporter-output>
  </reporter-output>
  <suite name="tests.Tests" duration-ms="107121" started-at="2018-10-17T18:50:59Z" finished-at="2018-10-17T18:52:46Z">
    <groups>
    </groups>
    <test name="Command line test" duration-ms="107121" started-at="2018-10-17T18:50:59Z" finished-at="2018-10-17T18:52:46Z">
      <class name="tests.Tests">
        <test-method status="PASS" signature="setUp()[pri:0, instance:tests.Tests@21bcffb5]" name="setUp" is-config="true" duration-ms="17480" started-at="2018-10-17T18:50:59Z" finished-at="2018-10-17T18:51:17Z">
          <reporter-output>
          </reporter-output>
        </test-method> <!-- setUp -->
        <test-method status="PASS" signature="loginFail()[pri:0, instance:tests.Tests@21bcffb5]" name="loginFail" duration-ms="11620" started-at="2018-10-17T18:51:17Z" finished-at="2018-10-17T18:51:29Z">
          <reporter-output>
          </reporter-output>
        </test-method> <!-- loginFail -->
        <test-method status="PASS" signature="tearDown()[pri:0, instance:tests.Tests@21bcffb5]" name="tearDown" is-config="true" duration-ms="107" started-at="2018-10-17T18:51:29Z" finished-at="2018-10-17T18:51:29Z">
          <reporter-output>
          </reporter-output>
        </test-method> <!-- tearDown -->
        <test-method status="PASS" signature="setUp()[pri:0, instance:tests.Tests@21bcffb5]" name="setUp" is-config="true" duration-ms="16431" started-at="2018-10-17T18:51:29Z" finished-at="2018-10-17T18:51:45Z">
          <reporter-output>
          </reporter-output>
        </test-method> <!-- setUp -->
        <test-method status="PASS" signature="pruebaPass()[pri:0, instance:tests.Tests@21bcffb5]" name="pruebaPass" duration-ms="59078" started-at="2018-10-17T18:51:45Z" finished-at="2018-10-17T18:52:44Z">
          <reporter-output>
          </reporter-output>
        </test-method> <!-- pruebaPass -->
        <test-method status="PASS" signature="tearDown()[pri:0, instance:tests.Tests@21bcffb5]" name="tearDown" is-config="true" duration-ms="2318" started-at="2018-10-17T18:52:44Z" finished-at="2018-10-17T18:52:46Z">
          <reporter-output>
          </reporter-output>
        </test-method> <!-- tearDown -->
      </class> <!-- tests.Tests -->
    </test> <!-- Command line test -->
  </suite> <!-- tests.Tests -->
</testng-results>
